app/build/intermediates/manifest_merge_blame_file/debug/manifest-merger-blame-debug-report.txt
1<?xml version="1.0" encoding="utf-8"?>
2<manifest xmlns:android="http://schemas.android.com/apk/res/android"
3    package="net.com.alkhawarizmi"
4    android:versionCode="1"
5    android:versionName="1.0" >
6
7    <uses-sdk
8        android:minSdkVersion="23"
8-->src\main\AndroidManifest.xml
9        android:targetSdkVersion="32" />
9-->src\main\AndroidManifest.xml
10
11    <application
11-->src\main\AndroidManifest.xml:6:5-69:19
12        android:allowBackup="true"
12-->src\main\AndroidManifest.xml:7:9-35
13        android:appComponentFactory="androidx.core.app.CoreComponentFactory"
13-->[androidx.core:core:1.5.0] AndroidManifest.xml:24:18-86
14        android:dataExtractionRules="@xml/data_extraction_rules"
14-->src\main\AndroidManifest.xml:8:9-65
15        android:debuggable="true"
16        android:extractNativeLibs="false"
17        android:fullBackupContent="@xml/backup_rules"
17-->src\main\AndroidManifest.xml:9:9-54
18        android:icon="@mipmap/ic_launcher"
18-->src\main\AndroidManifest.xml:10:9-43
19        android:label="@string/app_name"
19-->src\main\AndroidManifest.xml:11:9-41
20        android:roundIcon="@mipmap/ic_launcher"
20-->src\main\AndroidManifest.xml:12:9-48
21        android:supportsRtl="true"
21-->src\main\AndroidManifest.xml:13:9-35
22        android:theme="@style/Theme.Alkhawarizmi" >
22-->src\main\AndroidManifest.xml:14:9-50
23        <activity
23-->src\main\AndroidManifest.xml:17:9-27:20
24            android:name="net.com.alkhawarizmi.login.SplashActivity"
24-->src\main\AndroidManifest.xml:18:13-49
25            android:exported="true"
25-->src\main\AndroidManifest.xml:21:13-36
26            android:screenOrientation="portrait"
26-->src\main\AndroidManifest.xml:19:13-49
27            android:windowSoftInputMode="adjustPan" >
27-->src\main\AndroidManifest.xml:20:13-52
28            <intent-filter>
28-->src\main\AndroidManifest.xml:22:13-26:29
29                <action android:name="android.intent.action.MAIN" />
29-->src\main\AndroidManifest.xml:23:17-69
29-->src\main\AndroidManifest.xml:23:25-66
30
31                <category android:name="android.intent.category.LAUNCHER" />
31-->src\main\AndroidManifest.xml:25:17-77
31-->src\main\AndroidManifest.xml:25:27-74
32            </intent-filter>
33        </activity>
34        <activity
34-->src\main\AndroidManifest.xml:29:9-31:52
35            android:name="net.com.alkhawarizmi.login.LoginActivity"
35-->src\main\AndroidManifest.xml:30:13-48
36            android:screenOrientation="portrait" />
36-->src\main\AndroidManifest.xml:31:13-49
37        <activity
37-->src\main\AndroidManifest.xml:33:9-35:52
38            android:name="net.com.alkhawarizmi.login.RegisterActivity"
38-->src\main\AndroidManifest.xml:34:13-51
39            android:screenOrientation="portrait" />
39-->src\main\AndroidManifest.xml:35:13-49
40        <activity
40-->src\main\AndroidManifest.xml:37:9-39:52
41            android:name="net.com.alkhawarizmi.HomeActivity"
41-->src\main\AndroidManifest.xml:38:13-41
42            android:screenOrientation="portrait" />
42-->src\main\AndroidManifest.xml:39:13-49
43        <activity
43-->src\main\AndroidManifest.xml:41:9-43:52
44            android:name="net.com.alkhawarizmi.list.AdsActivity"
44-->src\main\AndroidManifest.xml:42:13-45
45            android:screenOrientation="portrait" />
45-->src\main\AndroidManifest.xml:43:13-49
46        <activity
46-->src\main\AndroidManifest.xml:45:9-47:52
47            android:name="net.com.alkhawarizmi.list.CoursesActivity"
47-->src\main\AndroidManifest.xml:46:13-49
48            android:screenOrientation="portrait" />
48-->src\main\AndroidManifest.xml:47:13-49
49        <activity
49-->src\main\AndroidManifest.xml:49:9-51:52
50            android:name="net.com.alkhawarizmi.list.CoursesListActivity"
50-->src\main\AndroidManifest.xml:50:13-53
51            android:screenOrientation="portrait" />
51-->src\main\AndroidManifest.xml:51:13-49
52        <activity
52-->src\main\AndroidManifest.xml:53:9-55:52
53            android:name="net.com.alkhawarizmi.AboutActivity"
53-->src\main\AndroidManifest.xml:54:13-42
54            android:screenOrientation="portrait" />
54-->src\main\AndroidManifest.xml:55:13-49
55        <activity
55-->src\main\AndroidManifest.xml:57:9-59:52
56            android:name="net.com.alkhawarizmi.ContactActivity"
56-->src\main\AndroidManifest.xml:58:13-44
57            android:screenOrientation="portrait" />
57-->src\main\AndroidManifest.xml:59:13-49
58        <activity
58-->src\main\AndroidManifest.xml:61:9-63:52
59            android:name="net.com.alkhawarizmi.ProfileActivity"
59-->src\main\AndroidManifest.xml:62:13-44
60            android:screenOrientation="portrait" />
60-->src\main\AndroidManifest.xml:63:13-49
61        <activity
61-->src\main\AndroidManifest.xml:65:9-67:52
62            android:name="net.com.alkhawarizmi.PaymentScreen"
62-->src\main\AndroidManifest.xml:66:13-42
63            android:screenOrientation="portrait" />
63-->src\main\AndroidManifest.xml:67:13-49
64    </application>
65
66</manifest>